[2023-05-02T20:54:32.506+0000] {taskinstance.py:1125} INFO - Dependencies all met for dep_context=non-requeueable deps ti=<TaskInstance: data_pipeline_dag.dependency_installation_task manual__2023-05-02T20:54:30.257206+00:00 [queued]>
[2023-05-02T20:54:32.523+0000] {taskinstance.py:1125} INFO - Dependencies all met for dep_context=requeueable deps ti=<TaskInstance: data_pipeline_dag.dependency_installation_task manual__2023-05-02T20:54:30.257206+00:00 [queued]>
[2023-05-02T20:54:32.524+0000] {taskinstance.py:1331} INFO - Starting attempt 1 of 1
[2023-05-02T20:54:32.546+0000] {taskinstance.py:1350} INFO - Executing <Task(BashOperator): dependency_installation_task> on 2023-05-02 20:54:30.257206+00:00
[2023-05-02T20:54:32.554+0000] {standard_task_runner.py:57} INFO - Started process 283 to run task
[2023-05-02T20:54:32.559+0000] {standard_task_runner.py:84} INFO - Running: ['***', 'tasks', 'run', 'data_pipeline_dag', 'dependency_installation_task', 'manual__2023-05-02T20:54:30.257206+00:00', '--job-id', '19', '--raw', '--subdir', 'DAGS_FOLDER/data_pipeline.py', '--cfg-path', '/tmp/tmptxagc3cb']
[2023-05-02T20:54:32.562+0000] {standard_task_runner.py:85} INFO - Job 19: Subtask dependency_installation_task
[2023-05-02T20:54:32.640+0000] {task_command.py:410} INFO - Running <TaskInstance: data_pipeline_dag.dependency_installation_task manual__2023-05-02T20:54:30.257206+00:00 [running]> on host a1e9d3fec021
[2023-05-02T20:54:32.994+0000] {taskinstance.py:1570} INFO - Exporting env vars: AIRFLOW_CTX_DAG_OWNER='***' AIRFLOW_CTX_DAG_ID='data_pipeline_dag' AIRFLOW_CTX_TASK_ID='dependency_installation_task' AIRFLOW_CTX_EXECUTION_DATE='2023-05-02T20:54:30.257206+00:00' AIRFLOW_CTX_TRY_NUMBER='1' AIRFLOW_CTX_DAG_RUN_ID='manual__2023-05-02T20:54:30.257206+00:00'
[2023-05-02T20:54:32.998+0000] {subprocess.py:63} INFO - Tmp dir root location: 
 /tmp
[2023-05-02T20:54:32.999+0000] {subprocess.py:75} INFO - Running command: ['/bin/bash', '-c', 'su - *** -c "pip install pandas numpy tqdm pyarrow fastparquet scikit-learn joblib torch"']
[2023-05-02T20:54:33.014+0000] {subprocess.py:86} INFO - Output:
[2023-05-02T20:54:33.868+0000] {subprocess.py:93} INFO - Defaulting to user installation because normal site-packages is not writeable
[2023-05-02T20:54:34.075+0000] {subprocess.py:93} INFO - Requirement already satisfied: pandas in ./.local/lib/python3.7/site-packages (1.3.5)
[2023-05-02T20:54:34.076+0000] {subprocess.py:93} INFO - Requirement already satisfied: numpy in ./.local/lib/python3.7/site-packages (1.21.6)
[2023-05-02T20:54:34.076+0000] {subprocess.py:93} INFO - Requirement already satisfied: tqdm in ./.local/lib/python3.7/site-packages (4.65.0)
[2023-05-02T20:54:34.077+0000] {subprocess.py:93} INFO - Requirement already satisfied: pyarrow in ./.local/lib/python3.7/site-packages (9.0.0)
[2023-05-02T20:54:34.077+0000] {subprocess.py:93} INFO - Requirement already satisfied: fastparquet in ./.local/lib/python3.7/site-packages (0.8.1)
[2023-05-02T20:54:34.078+0000] {subprocess.py:93} INFO - Requirement already satisfied: scikit-learn in ./.local/lib/python3.7/site-packages (1.0.2)
[2023-05-02T20:54:34.079+0000] {subprocess.py:93} INFO - Requirement already satisfied: joblib in ./.local/lib/python3.7/site-packages (1.2.0)
[2023-05-02T20:54:34.079+0000] {subprocess.py:93} INFO - Requirement already satisfied: torch in ./.local/lib/python3.7/site-packages (1.13.1)
[2023-05-02T20:54:34.097+0000] {subprocess.py:93} INFO - Requirement already satisfied: python-dateutil>=2.7.3 in ./.local/lib/python3.7/site-packages (from pandas) (2.8.2)
[2023-05-02T20:54:34.098+0000] {subprocess.py:93} INFO - Requirement already satisfied: pytz>=2017.3 in ./.local/lib/python3.7/site-packages (from pandas) (2023.3)
[2023-05-02T20:54:34.118+0000] {subprocess.py:93} INFO - Requirement already satisfied: cramjam>=2.3.0 in ./.local/lib/python3.7/site-packages (from fastparquet) (2.6.2)
[2023-05-02T20:54:34.119+0000] {subprocess.py:93} INFO - Requirement already satisfied: fsspec in ./.local/lib/python3.7/site-packages (from fastparquet) (2023.1.0)
[2023-05-02T20:54:34.155+0000] {subprocess.py:93} INFO - Requirement already satisfied: scipy>=1.1.0 in ./.local/lib/python3.7/site-packages (from scikit-learn) (1.7.3)
[2023-05-02T20:54:34.156+0000] {subprocess.py:93} INFO - Requirement already satisfied: threadpoolctl>=2.0.0 in ./.local/lib/python3.7/site-packages (from scikit-learn) (3.1.0)
[2023-05-02T20:54:34.171+0000] {subprocess.py:93} INFO - Requirement already satisfied: typing-extensions in ./.local/lib/python3.7/site-packages (from torch) (4.5.0)
[2023-05-02T20:54:34.173+0000] {subprocess.py:93} INFO - Requirement already satisfied: nvidia-cuda-runtime-cu11==11.7.99 in ./.local/lib/python3.7/site-packages (from torch) (11.7.99)
[2023-05-02T20:54:34.175+0000] {subprocess.py:93} INFO - Requirement already satisfied: nvidia-cudnn-cu11==8.5.0.96 in ./.local/lib/python3.7/site-packages (from torch) (8.5.0.96)
[2023-05-02T20:54:34.177+0000] {subprocess.py:93} INFO - Requirement already satisfied: nvidia-cublas-cu11==11.10.3.66 in ./.local/lib/python3.7/site-packages (from torch) (11.10.3.66)
[2023-05-02T20:54:34.180+0000] {subprocess.py:93} INFO - Requirement already satisfied: nvidia-cuda-nvrtc-cu11==11.7.99 in ./.local/lib/python3.7/site-packages (from torch) (11.7.99)
[2023-05-02T20:54:34.184+0000] {subprocess.py:93} INFO - Requirement already satisfied: setuptools in ./.local/lib/python3.7/site-packages (from nvidia-cublas-cu11==11.10.3.66->torch) (66.1.1)
[2023-05-02T20:54:34.185+0000] {subprocess.py:93} INFO - Requirement already satisfied: wheel in /usr/local/lib/python3.7/site-packages (from nvidia-cublas-cu11==11.10.3.66->torch) (0.40.0)
[2023-05-02T20:54:34.202+0000] {subprocess.py:93} INFO - Requirement already satisfied: six>=1.5 in ./.local/lib/python3.7/site-packages (from python-dateutil>=2.7.3->pandas) (1.16.0)
[2023-05-02T20:54:42.200+0000] {subprocess.py:97} INFO - Command exited with return code 0
[2023-05-02T20:54:42.247+0000] {taskinstance.py:1373} INFO - Marking task as SUCCESS. dag_id=data_pipeline_dag, task_id=dependency_installation_task, execution_date=20230502T205430, start_date=20230502T205432, end_date=20230502T205442
[2023-05-02T20:54:42.310+0000] {local_task_job_runner.py:232} INFO - Task exited with return code 0
[2023-05-02T20:54:42.342+0000] {taskinstance.py:2674} INFO - 1 downstream tasks scheduled from follow-on schedule check
