[2023-05-02T22:17:21.473+0000] {taskinstance.py:1125} INFO - Dependencies all met for dep_context=non-requeueable deps ti=<TaskInstance: data_pipeline_dag.dependency_installation_task manual__2023-05-02T22:17:19.459776+00:00 [queued]>
[2023-05-02T22:17:21.486+0000] {taskinstance.py:1125} INFO - Dependencies all met for dep_context=requeueable deps ti=<TaskInstance: data_pipeline_dag.dependency_installation_task manual__2023-05-02T22:17:19.459776+00:00 [queued]>
[2023-05-02T22:17:21.487+0000] {taskinstance.py:1331} INFO - Starting attempt 1 of 1
[2023-05-02T22:17:21.504+0000] {taskinstance.py:1350} INFO - Executing <Task(BashOperator): dependency_installation_task> on 2023-05-02 22:17:19.459776+00:00
[2023-05-02T22:17:21.508+0000] {standard_task_runner.py:57} INFO - Started process 535 to run task
[2023-05-02T22:17:21.511+0000] {standard_task_runner.py:84} INFO - Running: ['***', 'tasks', 'run', 'data_pipeline_dag', 'dependency_installation_task', 'manual__2023-05-02T22:17:19.459776+00:00', '--job-id', '40', '--raw', '--subdir', 'DAGS_FOLDER/data_pipeline.py', '--cfg-path', '/tmp/tmphf0f_cci']
[2023-05-02T22:17:21.513+0000] {standard_task_runner.py:85} INFO - Job 40: Subtask dependency_installation_task
[2023-05-02T22:17:21.564+0000] {task_command.py:410} INFO - Running <TaskInstance: data_pipeline_dag.dependency_installation_task manual__2023-05-02T22:17:19.459776+00:00 [running]> on host a1e9d3fec021
[2023-05-02T22:17:21.807+0000] {taskinstance.py:1570} INFO - Exporting env vars: AIRFLOW_CTX_DAG_OWNER='***' AIRFLOW_CTX_DAG_ID='data_pipeline_dag' AIRFLOW_CTX_TASK_ID='dependency_installation_task' AIRFLOW_CTX_EXECUTION_DATE='2023-05-02T22:17:19.459776+00:00' AIRFLOW_CTX_TRY_NUMBER='1' AIRFLOW_CTX_DAG_RUN_ID='manual__2023-05-02T22:17:19.459776+00:00'
[2023-05-02T22:17:21.810+0000] {subprocess.py:63} INFO - Tmp dir root location: 
 /tmp
[2023-05-02T22:17:21.811+0000] {subprocess.py:75} INFO - Running command: ['/bin/bash', '-c', 'su - *** -c "pip install pandas numpy tqdm pyarrow fastparquet scikit-learn joblib torch"']
[2023-05-02T22:17:21.829+0000] {subprocess.py:86} INFO - Output:
[2023-05-02T22:17:22.316+0000] {subprocess.py:93} INFO - Defaulting to user installation because normal site-packages is not writeable
[2023-05-02T22:17:22.468+0000] {subprocess.py:93} INFO - Requirement already satisfied: pandas in ./.local/lib/python3.7/site-packages (1.3.5)
[2023-05-02T22:17:22.469+0000] {subprocess.py:93} INFO - Requirement already satisfied: numpy in ./.local/lib/python3.7/site-packages (1.21.6)
[2023-05-02T22:17:22.469+0000] {subprocess.py:93} INFO - Requirement already satisfied: tqdm in ./.local/lib/python3.7/site-packages (4.65.0)
[2023-05-02T22:17:22.470+0000] {subprocess.py:93} INFO - Requirement already satisfied: pyarrow in ./.local/lib/python3.7/site-packages (9.0.0)
[2023-05-02T22:17:22.470+0000] {subprocess.py:93} INFO - Requirement already satisfied: fastparquet in ./.local/lib/python3.7/site-packages (0.8.1)
[2023-05-02T22:17:22.470+0000] {subprocess.py:93} INFO - Requirement already satisfied: scikit-learn in ./.local/lib/python3.7/site-packages (1.0.2)
[2023-05-02T22:17:22.471+0000] {subprocess.py:93} INFO - Requirement already satisfied: joblib in ./.local/lib/python3.7/site-packages (1.2.0)
[2023-05-02T22:17:22.472+0000] {subprocess.py:93} INFO - Requirement already satisfied: torch in ./.local/lib/python3.7/site-packages (1.13.1)
[2023-05-02T22:17:22.493+0000] {subprocess.py:93} INFO - Requirement already satisfied: python-dateutil>=2.7.3 in ./.local/lib/python3.7/site-packages (from pandas) (2.8.2)
[2023-05-02T22:17:22.494+0000] {subprocess.py:93} INFO - Requirement already satisfied: pytz>=2017.3 in ./.local/lib/python3.7/site-packages (from pandas) (2023.3)
[2023-05-02T22:17:22.518+0000] {subprocess.py:93} INFO - Requirement already satisfied: cramjam>=2.3.0 in ./.local/lib/python3.7/site-packages (from fastparquet) (2.6.2)
[2023-05-02T22:17:22.519+0000] {subprocess.py:93} INFO - Requirement already satisfied: fsspec in ./.local/lib/python3.7/site-packages (from fastparquet) (2023.1.0)
[2023-05-02T22:17:22.561+0000] {subprocess.py:93} INFO - Requirement already satisfied: scipy>=1.1.0 in ./.local/lib/python3.7/site-packages (from scikit-learn) (1.7.3)
[2023-05-02T22:17:22.562+0000] {subprocess.py:93} INFO - Requirement already satisfied: threadpoolctl>=2.0.0 in ./.local/lib/python3.7/site-packages (from scikit-learn) (3.1.0)
[2023-05-02T22:17:22.585+0000] {subprocess.py:93} INFO - Requirement already satisfied: typing-extensions in ./.local/lib/python3.7/site-packages (from torch) (4.5.0)
[2023-05-02T22:17:22.588+0000] {subprocess.py:93} INFO - Requirement already satisfied: nvidia-cuda-runtime-cu11==11.7.99 in ./.local/lib/python3.7/site-packages (from torch) (11.7.99)
[2023-05-02T22:17:22.590+0000] {subprocess.py:93} INFO - Requirement already satisfied: nvidia-cudnn-cu11==8.5.0.96 in ./.local/lib/python3.7/site-packages (from torch) (8.5.0.96)
[2023-05-02T22:17:22.592+0000] {subprocess.py:93} INFO - Requirement already satisfied: nvidia-cublas-cu11==11.10.3.66 in ./.local/lib/python3.7/site-packages (from torch) (11.10.3.66)
[2023-05-02T22:17:22.594+0000] {subprocess.py:93} INFO - Requirement already satisfied: nvidia-cuda-nvrtc-cu11==11.7.99 in ./.local/lib/python3.7/site-packages (from torch) (11.7.99)
[2023-05-02T22:17:22.598+0000] {subprocess.py:93} INFO - Requirement already satisfied: setuptools in ./.local/lib/python3.7/site-packages (from nvidia-cublas-cu11==11.10.3.66->torch) (66.1.1)
[2023-05-02T22:17:22.599+0000] {subprocess.py:93} INFO - Requirement already satisfied: wheel in /usr/local/lib/python3.7/site-packages (from nvidia-cublas-cu11==11.10.3.66->torch) (0.40.0)
[2023-05-02T22:17:22.612+0000] {subprocess.py:93} INFO - Requirement already satisfied: six>=1.5 in ./.local/lib/python3.7/site-packages (from python-dateutil>=2.7.3->pandas) (1.16.0)
[2023-05-02T22:17:32.423+0000] {subprocess.py:97} INFO - Command exited with return code 0
[2023-05-02T22:17:32.454+0000] {taskinstance.py:1373} INFO - Marking task as SUCCESS. dag_id=data_pipeline_dag, task_id=dependency_installation_task, execution_date=20230502T221719, start_date=20230502T221721, end_date=20230502T221732
[2023-05-02T22:17:32.504+0000] {local_task_job_runner.py:232} INFO - Task exited with return code 0
[2023-05-02T22:17:32.535+0000] {taskinstance.py:2674} INFO - 1 downstream tasks scheduled from follow-on schedule check
